Determining if the include file cpuid.h exists passed with the following output:
Change Dir: /home/alexzh/gr_alex/gnuradio/build/volk/CMakeFiles/CMakeTmp

Run Build Command:/usr/bin/make "cmTryCompileExec/fast"
/usr/bin/make -f CMakeFiles/cmTryCompileExec.dir/build.make CMakeFiles/cmTryCompileExec.dir/build
make[1]: Entering directory `/home/alexzh/gr_alex/gnuradio/build/volk/CMakeFiles/CMakeTmp'
/usr/bin/cmake -E cmake_progress_report /home/alexzh/gr_alex/gnuradio/build/volk/CMakeFiles/CMakeTmp/CMakeFiles 1
Building C object CMakeFiles/cmTryCompileExec.dir/CheckIncludeFile.c.o
/usr/bin/gcc    -o CMakeFiles/cmTryCompileExec.dir/CheckIncludeFile.c.o   -c /home/alexzh/gr_alex/gnuradio/build/volk/CMakeFiles/CMakeTmp/CheckIncludeFile.c
Linking C executable cmTryCompileExec
/usr/bin/cmake -E cmake_link_script CMakeFiles/cmTryCompileExec.dir/link.txt --verbose=1
/usr/bin/gcc         CMakeFiles/cmTryCompileExec.dir/CheckIncludeFile.c.o  -o cmTryCompileExec -rdynamic 
make[1]: Leaving directory `/home/alexzh/gr_alex/gnuradio/build/volk/CMakeFiles/CMakeTmp'


Determining if the include file fenv.h exists passed with the following output:
Change Dir: /home/alexzh/gr_alex/gnuradio/build/volk/CMakeFiles/CMakeTmp

Run Build Command:/usr/bin/make "cmTryCompileExec/fast"
/usr/bin/make -f CMakeFiles/cmTryCompileExec.dir/build.make CMakeFiles/cmTryCompileExec.dir/build
make[1]: Entering directory `/home/alexzh/gr_alex/gnuradio/build/volk/CMakeFiles/CMakeTmp'
/usr/bin/cmake -E cmake_progress_report /home/alexzh/gr_alex/gnuradio/build/volk/CMakeFiles/CMakeTmp/CMakeFiles 1
Building C object CMakeFiles/cmTryCompileExec.dir/CheckIncludeFile.c.o
/usr/bin/gcc    -o CMakeFiles/cmTryCompileExec.dir/CheckIncludeFile.c.o   -c /home/alexzh/gr_alex/gnuradio/build/volk/CMakeFiles/CMakeTmp/CheckIncludeFile.c
Linking C executable cmTryCompileExec
/usr/bin/cmake -E cmake_link_script CMakeFiles/cmTryCompileExec.dir/link.txt --verbose=1
/usr/bin/gcc         CMakeFiles/cmTryCompileExec.dir/CheckIncludeFile.c.o  -o cmTryCompileExec -rdynamic 
make[1]: Leaving directory `/home/alexzh/gr_alex/gnuradio/build/volk/CMakeFiles/CMakeTmp'


Determining if the include file dlfcn.h exists passed with the following output:
Change Dir: /home/alexzh/gr_alex/gnuradio/build/volk/CMakeFiles/CMakeTmp

Run Build Command:/usr/bin/make "cmTryCompileExec/fast"
/usr/bin/make -f CMakeFiles/cmTryCompileExec.dir/build.make CMakeFiles/cmTryCompileExec.dir/build
make[1]: Entering directory `/home/alexzh/gr_alex/gnuradio/build/volk/CMakeFiles/CMakeTmp'
/usr/bin/cmake -E cmake_progress_report /home/alexzh/gr_alex/gnuradio/build/volk/CMakeFiles/CMakeTmp/CMakeFiles 1
Building C object CMakeFiles/cmTryCompileExec.dir/CheckIncludeFile.c.o
/usr/bin/gcc    -o CMakeFiles/cmTryCompileExec.dir/CheckIncludeFile.c.o   -c /home/alexzh/gr_alex/gnuradio/build/volk/CMakeFiles/CMakeTmp/CheckIncludeFile.c
Linking C executable cmTryCompileExec
/usr/bin/cmake -E cmake_link_script CMakeFiles/cmTryCompileExec.dir/link.txt --verbose=1
/usr/bin/gcc         CMakeFiles/cmTryCompileExec.dir/CheckIncludeFile.c.o  -o cmTryCompileExec -rdynamic 
make[1]: Leaving directory `/home/alexzh/gr_alex/gnuradio/build/volk/CMakeFiles/CMakeTmp'


Performing C++ SOURCE FILE Test have_funsafe_math_optimizations succeded with the following output:
Change Dir: /home/alexzh/gr_alex/gnuradio/build/volk/CMakeFiles/CMakeTmp

Run Build Command:/usr/bin/make "cmTryCompileExec/fast"
/usr/bin/make -f CMakeFiles/cmTryCompileExec.dir/build.make CMakeFiles/cmTryCompileExec.dir/build
make[1]: Entering directory `/home/alexzh/gr_alex/gnuradio/build/volk/CMakeFiles/CMakeTmp'
/usr/bin/cmake -E cmake_progress_report /home/alexzh/gr_alex/gnuradio/build/volk/CMakeFiles/CMakeTmp/CMakeFiles 1
Building CXX object CMakeFiles/cmTryCompileExec.dir/src.cxx.o
/usr/bin/c++    -Dhave_funsafe_math_optimizations   -funsafe-math-optimizations -o CMakeFiles/cmTryCompileExec.dir/src.cxx.o -c /home/alexzh/gr_alex/gnuradio/build/volk/CMakeFiles/CMakeTmp/src.cxx
Linking CXX executable cmTryCompileExec
/usr/bin/cmake -E cmake_link_script CMakeFiles/cmTryCompileExec.dir/link.txt --verbose=1
/usr/bin/c++      -Dhave_funsafe_math_optimizations    CMakeFiles/cmTryCompileExec.dir/src.cxx.o  -o cmTryCompileExec -rdynamic 
make[1]: Leaving directory `/home/alexzh/gr_alex/gnuradio/build/volk/CMakeFiles/CMakeTmp'

Source file was:
int main() { return 0;}
Performing C++ SOURCE FILE Test have_m64 succeded with the following output:
Change Dir: /home/alexzh/gr_alex/gnuradio/build/volk/CMakeFiles/CMakeTmp

Run Build Command:/usr/bin/make "cmTryCompileExec/fast"
/usr/bin/make -f CMakeFiles/cmTryCompileExec.dir/build.make CMakeFiles/cmTryCompileExec.dir/build
make[1]: Entering directory `/home/alexzh/gr_alex/gnuradio/build/volk/CMakeFiles/CMakeTmp'
/usr/bin/cmake -E cmake_progress_report /home/alexzh/gr_alex/gnuradio/build/volk/CMakeFiles/CMakeTmp/CMakeFiles 1
Building CXX object CMakeFiles/cmTryCompileExec.dir/src.cxx.o
/usr/bin/c++    -Dhave_m64   -m64 -o CMakeFiles/cmTryCompileExec.dir/src.cxx.o -c /home/alexzh/gr_alex/gnuradio/build/volk/CMakeFiles/CMakeTmp/src.cxx
Linking CXX executable cmTryCompileExec
/usr/bin/cmake -E cmake_link_script CMakeFiles/cmTryCompileExec.dir/link.txt --verbose=1
/usr/bin/c++      -Dhave_m64    CMakeFiles/cmTryCompileExec.dir/src.cxx.o  -o cmTryCompileExec -rdynamic 
make[1]: Leaving directory `/home/alexzh/gr_alex/gnuradio/build/volk/CMakeFiles/CMakeTmp'

Source file was:
int main() { return 0;}
Performing C++ SOURCE FILE Test have_m3dnow succeded with the following output:
Change Dir: /home/alexzh/gr_alex/gnuradio/build/volk/CMakeFiles/CMakeTmp

Run Build Command:/usr/bin/make "cmTryCompileExec/fast"
/usr/bin/make -f CMakeFiles/cmTryCompileExec.dir/build.make CMakeFiles/cmTryCompileExec.dir/build
make[1]: Entering directory `/home/alexzh/gr_alex/gnuradio/build/volk/CMakeFiles/CMakeTmp'
/usr/bin/cmake -E cmake_progress_report /home/alexzh/gr_alex/gnuradio/build/volk/CMakeFiles/CMakeTmp/CMakeFiles 1
Building CXX object CMakeFiles/cmTryCompileExec.dir/src.cxx.o
/usr/bin/c++    -Dhave_m3dnow   -m3dnow -o CMakeFiles/cmTryCompileExec.dir/src.cxx.o -c /home/alexzh/gr_alex/gnuradio/build/volk/CMakeFiles/CMakeTmp/src.cxx
Linking CXX executable cmTryCompileExec
/usr/bin/cmake -E cmake_link_script CMakeFiles/cmTryCompileExec.dir/link.txt --verbose=1
/usr/bin/c++      -Dhave_m3dnow    CMakeFiles/cmTryCompileExec.dir/src.cxx.o  -o cmTryCompileExec -rdynamic 
make[1]: Leaving directory `/home/alexzh/gr_alex/gnuradio/build/volk/CMakeFiles/CMakeTmp'

Source file was:
int main() { return 0;}
Performing C++ SOURCE FILE Test have_msse4_2 succeded with the following output:
Change Dir: /home/alexzh/gr_alex/gnuradio/build/volk/CMakeFiles/CMakeTmp

Run Build Command:/usr/bin/make "cmTryCompileExec/fast"
/usr/bin/make -f CMakeFiles/cmTryCompileExec.dir/build.make CMakeFiles/cmTryCompileExec.dir/build
make[1]: Entering directory `/home/alexzh/gr_alex/gnuradio/build/volk/CMakeFiles/CMakeTmp'
/usr/bin/cmake -E cmake_progress_report /home/alexzh/gr_alex/gnuradio/build/volk/CMakeFiles/CMakeTmp/CMakeFiles 1
Building CXX object CMakeFiles/cmTryCompileExec.dir/src.cxx.o
/usr/bin/c++    -Dhave_msse4_2   -msse4.2 -o CMakeFiles/cmTryCompileExec.dir/src.cxx.o -c /home/alexzh/gr_alex/gnuradio/build/volk/CMakeFiles/CMakeTmp/src.cxx
Linking CXX executable cmTryCompileExec
/usr/bin/cmake -E cmake_link_script CMakeFiles/cmTryCompileExec.dir/link.txt --verbose=1
/usr/bin/c++      -Dhave_msse4_2    CMakeFiles/cmTryCompileExec.dir/src.cxx.o  -o cmTryCompileExec -rdynamic 
make[1]: Leaving directory `/home/alexzh/gr_alex/gnuradio/build/volk/CMakeFiles/CMakeTmp'

Source file was:
int main() { return 0;}
Performing C++ SOURCE FILE Test have_mpopcnt succeded with the following output:
Change Dir: /home/alexzh/gr_alex/gnuradio/build/volk/CMakeFiles/CMakeTmp

Run Build Command:/usr/bin/make "cmTryCompileExec/fast"
/usr/bin/make -f CMakeFiles/cmTryCompileExec.dir/build.make CMakeFiles/cmTryCompileExec.dir/build
make[1]: Entering directory `/home/alexzh/gr_alex/gnuradio/build/volk/CMakeFiles/CMakeTmp'
/usr/bin/cmake -E cmake_progress_report /home/alexzh/gr_alex/gnuradio/build/volk/CMakeFiles/CMakeTmp/CMakeFiles 1
Building CXX object CMakeFiles/cmTryCompileExec.dir/src.cxx.o
/usr/bin/c++    -Dhave_mpopcnt   -mpopcnt -o CMakeFiles/cmTryCompileExec.dir/src.cxx.o -c /home/alexzh/gr_alex/gnuradio/build/volk/CMakeFiles/CMakeTmp/src.cxx
Linking CXX executable cmTryCompileExec
/usr/bin/cmake -E cmake_link_script CMakeFiles/cmTryCompileExec.dir/link.txt --verbose=1
/usr/bin/c++      -Dhave_mpopcnt    CMakeFiles/cmTryCompileExec.dir/src.cxx.o  -o cmTryCompileExec -rdynamic 
make[1]: Leaving directory `/home/alexzh/gr_alex/gnuradio/build/volk/CMakeFiles/CMakeTmp'

Source file was:
int main() { return 0;}
Performing C++ SOURCE FILE Test have_mmmx succeded with the following output:
Change Dir: /home/alexzh/gr_alex/gnuradio/build/volk/CMakeFiles/CMakeTmp

Run Build Command:/usr/bin/make "cmTryCompileExec/fast"
/usr/bin/make -f CMakeFiles/cmTryCompileExec.dir/build.make CMakeFiles/cmTryCompileExec.dir/build
make[1]: Entering directory `/home/alexzh/gr_alex/gnuradio/build/volk/CMakeFiles/CMakeTmp'
/usr/bin/cmake -E cmake_progress_report /home/alexzh/gr_alex/gnuradio/build/volk/CMakeFiles/CMakeTmp/CMakeFiles 1
Building CXX object CMakeFiles/cmTryCompileExec.dir/src.cxx.o
/usr/bin/c++    -Dhave_mmmx   -mmmx -o CMakeFiles/cmTryCompileExec.dir/src.cxx.o -c /home/alexzh/gr_alex/gnuradio/build/volk/CMakeFiles/CMakeTmp/src.cxx
Linking CXX executable cmTryCompileExec
/usr/bin/cmake -E cmake_link_script CMakeFiles/cmTryCompileExec.dir/link.txt --verbose=1
/usr/bin/c++      -Dhave_mmmx    CMakeFiles/cmTryCompileExec.dir/src.cxx.o  -o cmTryCompileExec -rdynamic 
make[1]: Leaving directory `/home/alexzh/gr_alex/gnuradio/build/volk/CMakeFiles/CMakeTmp'

Source file was:
int main() { return 0;}
Performing C++ SOURCE FILE Test have_msse succeded with the following output:
Change Dir: /home/alexzh/gr_alex/gnuradio/build/volk/CMakeFiles/CMakeTmp

Run Build Command:/usr/bin/make "cmTryCompileExec/fast"
/usr/bin/make -f CMakeFiles/cmTryCompileExec.dir/build.make CMakeFiles/cmTryCompileExec.dir/build
make[1]: Entering directory `/home/alexzh/gr_alex/gnuradio/build/volk/CMakeFiles/CMakeTmp'
/usr/bin/cmake -E cmake_progress_report /home/alexzh/gr_alex/gnuradio/build/volk/CMakeFiles/CMakeTmp/CMakeFiles 1
Building CXX object CMakeFiles/cmTryCompileExec.dir/src.cxx.o
/usr/bin/c++    -Dhave_msse   -msse -o CMakeFiles/cmTryCompileExec.dir/src.cxx.o -c /home/alexzh/gr_alex/gnuradio/build/volk/CMakeFiles/CMakeTmp/src.cxx
Linking CXX executable cmTryCompileExec
/usr/bin/cmake -E cmake_link_script CMakeFiles/cmTryCompileExec.dir/link.txt --verbose=1
/usr/bin/c++      -Dhave_msse    CMakeFiles/cmTryCompileExec.dir/src.cxx.o  -o cmTryCompileExec -rdynamic 
make[1]: Leaving directory `/home/alexzh/gr_alex/gnuradio/build/volk/CMakeFiles/CMakeTmp'

Source file was:
int main() { return 0;}
Performing C++ SOURCE FILE Test have_msse2 succeded with the following output:
Change Dir: /home/alexzh/gr_alex/gnuradio/build/volk/CMakeFiles/CMakeTmp

Run Build Command:/usr/bin/make "cmTryCompileExec/fast"
/usr/bin/make -f CMakeFiles/cmTryCompileExec.dir/build.make CMakeFiles/cmTryCompileExec.dir/build
make[1]: Entering directory `/home/alexzh/gr_alex/gnuradio/build/volk/CMakeFiles/CMakeTmp'
/usr/bin/cmake -E cmake_progress_report /home/alexzh/gr_alex/gnuradio/build/volk/CMakeFiles/CMakeTmp/CMakeFiles 1
Building CXX object CMakeFiles/cmTryCompileExec.dir/src.cxx.o
/usr/bin/c++    -Dhave_msse2   -msse2 -o CMakeFiles/cmTryCompileExec.dir/src.cxx.o -c /home/alexzh/gr_alex/gnuradio/build/volk/CMakeFiles/CMakeTmp/src.cxx
Linking CXX executable cmTryCompileExec
/usr/bin/cmake -E cmake_link_script CMakeFiles/cmTryCompileExec.dir/link.txt --verbose=1
/usr/bin/c++      -Dhave_msse2    CMakeFiles/cmTryCompileExec.dir/src.cxx.o  -o cmTryCompileExec -rdynamic 
make[1]: Leaving directory `/home/alexzh/gr_alex/gnuradio/build/volk/CMakeFiles/CMakeTmp'

Source file was:
int main() { return 0;}
Performing C++ SOURCE FILE Test have_msse3 succeded with the following output:
Change Dir: /home/alexzh/gr_alex/gnuradio/build/volk/CMakeFiles/CMakeTmp

Run Build Command:/usr/bin/make "cmTryCompileExec/fast"
/usr/bin/make -f CMakeFiles/cmTryCompileExec.dir/build.make CMakeFiles/cmTryCompileExec.dir/build
make[1]: Entering directory `/home/alexzh/gr_alex/gnuradio/build/volk/CMakeFiles/CMakeTmp'
/usr/bin/cmake -E cmake_progress_report /home/alexzh/gr_alex/gnuradio/build/volk/CMakeFiles/CMakeTmp/CMakeFiles 1
Building CXX object CMakeFiles/cmTryCompileExec.dir/src.cxx.o
/usr/bin/c++    -Dhave_msse3   -msse3 -o CMakeFiles/cmTryCompileExec.dir/src.cxx.o -c /home/alexzh/gr_alex/gnuradio/build/volk/CMakeFiles/CMakeTmp/src.cxx
Linking CXX executable cmTryCompileExec
/usr/bin/cmake -E cmake_link_script CMakeFiles/cmTryCompileExec.dir/link.txt --verbose=1
/usr/bin/c++      -Dhave_msse3    CMakeFiles/cmTryCompileExec.dir/src.cxx.o  -o cmTryCompileExec -rdynamic 
make[1]: Leaving directory `/home/alexzh/gr_alex/gnuradio/build/volk/CMakeFiles/CMakeTmp'

Source file was:
int main() { return 0;}
Performing C++ SOURCE FILE Test have_mssse3 succeded with the following output:
Change Dir: /home/alexzh/gr_alex/gnuradio/build/volk/CMakeFiles/CMakeTmp

Run Build Command:/usr/bin/make "cmTryCompileExec/fast"
/usr/bin/make -f CMakeFiles/cmTryCompileExec.dir/build.make CMakeFiles/cmTryCompileExec.dir/build
make[1]: Entering directory `/home/alexzh/gr_alex/gnuradio/build/volk/CMakeFiles/CMakeTmp'
/usr/bin/cmake -E cmake_progress_report /home/alexzh/gr_alex/gnuradio/build/volk/CMakeFiles/CMakeTmp/CMakeFiles 1
Building CXX object CMakeFiles/cmTryCompileExec.dir/src.cxx.o
/usr/bin/c++    -Dhave_mssse3   -mssse3 -o CMakeFiles/cmTryCompileExec.dir/src.cxx.o -c /home/alexzh/gr_alex/gnuradio/build/volk/CMakeFiles/CMakeTmp/src.cxx
Linking CXX executable cmTryCompileExec
/usr/bin/cmake -E cmake_link_script CMakeFiles/cmTryCompileExec.dir/link.txt --verbose=1
/usr/bin/c++      -Dhave_mssse3    CMakeFiles/cmTryCompileExec.dir/src.cxx.o  -o cmTryCompileExec -rdynamic 
make[1]: Leaving directory `/home/alexzh/gr_alex/gnuradio/build/volk/CMakeFiles/CMakeTmp'

Source file was:
int main() { return 0;}
Performing C++ SOURCE FILE Test have_msse4a succeded with the following output:
Change Dir: /home/alexzh/gr_alex/gnuradio/build/volk/CMakeFiles/CMakeTmp

Run Build Command:/usr/bin/make "cmTryCompileExec/fast"
/usr/bin/make -f CMakeFiles/cmTryCompileExec.dir/build.make CMakeFiles/cmTryCompileExec.dir/build
make[1]: Entering directory `/home/alexzh/gr_alex/gnuradio/build/volk/CMakeFiles/CMakeTmp'
/usr/bin/cmake -E cmake_progress_report /home/alexzh/gr_alex/gnuradio/build/volk/CMakeFiles/CMakeTmp/CMakeFiles 1
Building CXX object CMakeFiles/cmTryCompileExec.dir/src.cxx.o
/usr/bin/c++    -Dhave_msse4a   -msse4a -o CMakeFiles/cmTryCompileExec.dir/src.cxx.o -c /home/alexzh/gr_alex/gnuradio/build/volk/CMakeFiles/CMakeTmp/src.cxx
Linking CXX executable cmTryCompileExec
/usr/bin/cmake -E cmake_link_script CMakeFiles/cmTryCompileExec.dir/link.txt --verbose=1
/usr/bin/c++      -Dhave_msse4a    CMakeFiles/cmTryCompileExec.dir/src.cxx.o  -o cmTryCompileExec -rdynamic 
make[1]: Leaving directory `/home/alexzh/gr_alex/gnuradio/build/volk/CMakeFiles/CMakeTmp'

Source file was:
int main() { return 0;}
Performing C++ SOURCE FILE Test have_msse4_1 succeded with the following output:
Change Dir: /home/alexzh/gr_alex/gnuradio/build/volk/CMakeFiles/CMakeTmp

Run Build Command:/usr/bin/make "cmTryCompileExec/fast"
/usr/bin/make -f CMakeFiles/cmTryCompileExec.dir/build.make CMakeFiles/cmTryCompileExec.dir/build
make[1]: Entering directory `/home/alexzh/gr_alex/gnuradio/build/volk/CMakeFiles/CMakeTmp'
/usr/bin/cmake -E cmake_progress_report /home/alexzh/gr_alex/gnuradio/build/volk/CMakeFiles/CMakeTmp/CMakeFiles 1
Building CXX object CMakeFiles/cmTryCompileExec.dir/src.cxx.o
/usr/bin/c++    -Dhave_msse4_1   -msse4.1 -o CMakeFiles/cmTryCompileExec.dir/src.cxx.o -c /home/alexzh/gr_alex/gnuradio/build/volk/CMakeFiles/CMakeTmp/src.cxx
Linking CXX executable cmTryCompileExec
/usr/bin/cmake -E cmake_link_script CMakeFiles/cmTryCompileExec.dir/link.txt --verbose=1
/usr/bin/c++      -Dhave_msse4_1    CMakeFiles/cmTryCompileExec.dir/src.cxx.o  -o cmTryCompileExec -rdynamic 
make[1]: Leaving directory `/home/alexzh/gr_alex/gnuradio/build/volk/CMakeFiles/CMakeTmp'

Source file was:
int main() { return 0;}
Performing C++ SOURCE FILE Test have_mavx succeded with the following output:
Change Dir: /home/alexzh/gr_alex/gnuradio/build/volk/CMakeFiles/CMakeTmp

Run Build Command:/usr/bin/make "cmTryCompileExec/fast"
/usr/bin/make -f CMakeFiles/cmTryCompileExec.dir/build.make CMakeFiles/cmTryCompileExec.dir/build
make[1]: Entering directory `/home/alexzh/gr_alex/gnuradio/build/volk/CMakeFiles/CMakeTmp'
/usr/bin/cmake -E cmake_progress_report /home/alexzh/gr_alex/gnuradio/build/volk/CMakeFiles/CMakeTmp/CMakeFiles 1
Building CXX object CMakeFiles/cmTryCompileExec.dir/src.cxx.o
/usr/bin/c++    -Dhave_mavx   -mavx -o CMakeFiles/cmTryCompileExec.dir/src.cxx.o -c /home/alexzh/gr_alex/gnuradio/build/volk/CMakeFiles/CMakeTmp/src.cxx
Linking CXX executable cmTryCompileExec
/usr/bin/cmake -E cmake_link_script CMakeFiles/cmTryCompileExec.dir/link.txt --verbose=1
/usr/bin/c++      -Dhave_mavx    CMakeFiles/cmTryCompileExec.dir/src.cxx.o  -o cmTryCompileExec -rdynamic 
make[1]: Leaving directory `/home/alexzh/gr_alex/gnuradio/build/volk/CMakeFiles/CMakeTmp'

Source file was:
int main() { return 0;}
Determining size of void*[8] passed with the following output:
Change Dir: /home/alexzh/gr_alex/gnuradio/build/volk/CMakeFiles/CMakeTmp

Run Build Command:/usr/bin/make "cmTryCompileExec/fast"
/usr/bin/make -f CMakeFiles/cmTryCompileExec.dir/build.make CMakeFiles/cmTryCompileExec.dir/build
make[1]: Entering directory `/home/alexzh/gr_alex/gnuradio/build/volk/CMakeFiles/CMakeTmp'
/usr/bin/cmake -E cmake_progress_report /home/alexzh/gr_alex/gnuradio/build/volk/CMakeFiles/CMakeTmp/CMakeFiles 1
Building C object CMakeFiles/cmTryCompileExec.dir/SIZEOF_CPU.c.o
/usr/bin/gcc    -o CMakeFiles/cmTryCompileExec.dir/SIZEOF_CPU.c.o   -c /home/alexzh/gr_alex/gnuradio/build/volk/CMakeFiles/CheckTypeSize/SIZEOF_CPU.c
Linking C executable cmTryCompileExec
/usr/bin/cmake -E cmake_link_script CMakeFiles/cmTryCompileExec.dir/link.txt --verbose=1
/usr/bin/gcc         CMakeFiles/cmTryCompileExec.dir/SIZEOF_CPU.c.o  -o cmTryCompileExec -rdynamic 
make[1]: Leaving directory `/home/alexzh/gr_alex/gnuradio/build/volk/CMakeFiles/CMakeTmp'


